#
# A fatal error has been detected by the Java Runtime Environment:
#
#  EXCEPTION_ACCESS_VIOLATION (0xc0000005) at pc=0x00007ffb9199a068, pid=7944, tid=2472
#
# JRE version: Java(TM) SE Runtime Environment (17.0.7+8) (build 17.0.7+8-LTS-224)
# Java VM: Java HotSpot(TM) 64-Bit Server VM (17.0.7+8-LTS-224, mixed mode, emulated-client, sharing, tiered, compressed oops, compressed class ptrs, g1 gc, windows-amd64)
# Problematic frame:
# V  [jvm.dll+0x90a068]
#
# No core dump will be written. Minidumps are not enabled by default on client versions of Windows
#
# If you would like to submit a bug report, please visit:
#   https://bugreport.java.com/bugreport/crash.jsp
#

---------------  S U M M A R Y ------------

Command Line: -Dcom.sun.management.jmxremote -Dcom.sun.management.jmxremote.port=57778 -Dcom.sun.management.jmxremote.authenticate=false -Dcom.sun.management.jmxremote.ssl=false -Djava.rmi.server.hostname=localhost -Dspring.jmx.enabled=true -Dmanagement.endpoints.jmx.exposure.include=* -Dspring.application.admin.enabled=true -XX:TieredStopAtLevel=1 -Dspring.boot.project.name=api -Dfile.encoding=UTF-8 -XX:+ShowCodeDetailsInExceptionMessages com.wilson.med.api.ApiApplication --spring.output.ansi.enabled=always

Host: Intel(R) Core(TM) i3-3220 CPU @ 3.30GHz, 4 cores, 11G,  Windows 10 , 64 bit Build 19041 (10.0.19041.2913)
Time: Fri Jun 23 18:19:02 2023 Hora oficial do Brasil elapsed time: 4.284314 seconds (0d 0h 0m 4s)

---------------  T H R E A D  ---------------

Current thread (0x000002c83a171f30):  ConcurrentGCThread "G1 Conc#0" [stack: 0x000000d036100000,0x000000d036200000] [id=2472]

Stack: [0x000000d036100000,0x000000d036200000],  sp=0x000000d0361ffaf8,  free space=1022k
Native frames: (J=compiled Java code, j=interpreted, Vv=VM code, C=native code)
V  [jvm.dll+0x90a068]


siginfo: EXCEPTION_ACCESS_VIOLATION (0xc0000005), data execution prevention violation at address 0x00007ffb9199a068


Register to memory mapping:

RIP=0x00007ffb9199a068 jvm.dll
RAX=0x00007ffb91b2ed90 jvm.dll
RBX=0x000000000743bbf6 is an unknown value
RCX=0x000000d0361ffc30 points into unknown readable memory: 0x00007ffb91988048 | 48 80 98 91 fb 7f 00 00
RDX=0x0000000742ec24e8 points into unknown readable memory: 0x0000000000000011 | 11 00 00 00 00 00 00 00
RSP=0x000000d0361ffaf8 points into unknown readable memory: 0x00007ffb91361df1 | f1 1d 36 91 fb 7f 00 00
RBP=0x000000d0361ffc30 points into unknown readable memory: 0x00007ffb91988048 | 48 80 98 91 fb 7f 00 00
RSI=0x0000000742ec24e8 points into unknown readable memory: 0x0000000000000011 | 11 00 00 00 00 00 00 00
RDI=0x00000008000b58c0 is pointing into metadata
R8 =0x00000008000b58c0 is pointing into metadata
R9 =0x00000000000002c8 is an unknown value
R10=0x0000000800000000 is pointing into metadata
R11=0x0000000000000013 is an unknown value
R12=0x0 is NULL
R13=0xaaaaaaaaaaaaaaab is an unknown value
R14=0x0000000000000001 is an unknown value
R15=0x000000d0361ffbf0 points into unknown readable memory: 0x000002c83a164570 | 70 45 16 3a c8 02 00 00


Registers:
RAX=0x00007ffb91b2ed90, RBX=0x000000000743bbf6, RCX=0x000000d0361ffc30, RDX=0x0000000742ec24e8
RSP=0x000000d0361ffaf8, RBP=0x000000d0361ffc30, RSI=0x0000000742ec24e8, RDI=0x00000008000b58c0
R8 =0x00000008000b58c0, R9 =0x00000000000002c8, R10=0x0000000800000000, R11=0x0000000000000013
R12=0x0000000000000000, R13=0xaaaaaaaaaaaaaaab, R14=0x0000000000000001, R15=0x000000d0361ffbf0
RIP=0x00007ffb9199a068, EFLAGS=0x0000000000010206

Top of Stack: (sp=0x000000d0361ffaf8)
0x000000d0361ffaf8:   00007ffb91361df1 000000080000e970
0x000000d0361ffb08:   0000000000000003 000000d0361ffc30
0x000000d0361ffb18:   0000000000000040 000002c83a172ac0
0x000000d0361ffb28:   00007ffb91377824 0000000742ec24e8
0x000000d0361ffb38:   000002c83a164580 000000d0361ffbf0
0x000000d0361ffb48:   000002c83a164580 0000000742ec24e8
0x000000d0361ffb58:   00007ffb91373f01 00000000002d849d
0x000000d0361ffb68:   0000000000000002 0000000742db9c08
0x000000d0361ffb78:   00007ffb913752ef 00000000002f96c0
0x000000d0361ffb88:   00007ffb913758cc 0000000742ec2450
0x000000d0361ffb98:   00000000002d849d 0000000000000001
0x000000d0361ffba8:   000002c83a172ac0 0000000000000000
0x000000d0361ffbb8:   0000000000000001 000002c83a172ac0
0x000000d0361ffbc8:   00007ffb9137483a 000002c83a172b58
0x000000d0361ffbd8:   0000000000000000 000002c83a119901
0x000000d0361ffbe8:   0000000000000000 000002c83a164570 

Instructions: (pc=0x00007ffb9199a068)
0x00007ffb91999f68:   6e 20 69 6e 20 44 43 6d 64 20 67 65 74 41 72 67
0x00007ffb91999f78:   75 6d 65 6e 74 49 6e 66 6f 73 00 00 00 00 00 00
0x00007ffb91999f88:   50 61 74 68 20 74 6f 20 72 65 70 6f 73 69 74 6f
0x00007ffb91999f98:   72 79 2c 2e 65 2e 67 20 5c 22 4d 79 20 52 65 70
0x00007ffb91999fa8:   6f 73 69 74 6f 72 79 5c 22 00 00 00 00 00 00 00
0x00007ffb91999fb8:   72 65 70 6f 73 69 74 6f 72 79 70 61 74 68 00 00
0x00007ffb91999fc8:   50 61 74 68 20 74 6f 20 64 75 6d 70 2c 2e 65 2e
0x00007ffb91999fd8:   67 20 5c 22 4d 79 20 44 75 6d 70 20 70 61 74 68
0x00007ffb91999fe8:   5c 22 00 00 00 00 00 00 64 75 6d 70 70 61 74 68
0x00007ffb91999ff8:   00 00 00 00 36 34 00 00 4a 55 4c 4f 4e 47 00 00
0x00007ffb9199a008:   53 74 61 63 6b 20 44 65 70 74 68 00 00 00 00 00
0x00007ffb9199a018:   73 74 61 63 6b 64 65 70 74 68 00 00 32 30 00 00
0x00007ffb9199a028:   4e 75 6d 62 65 72 20 6f 66 20 67 6c 6f 62 61 6c
0x00007ffb9199a038:   20 62 75 66 66 65 72 73 2c 00 00 00 00 00 00 00
0x00007ffb9199a048:   67 6c 6f 62 61 6c 62 75 66 66 65 72 63 6f 75 6e
0x00007ffb9199a058:   74 00 00 00 35 31 32 6b 00 00 00 00 00 00 00 00
0x00007ffb9199a068:   4d 45 4d 4f 52 59 20 53 49 5a 45 00 00 00 00 00
0x00007ffb9199a078:   53 69 7a 65 20 6f 66 20 61 20 67 6c 6f 62 61 6c
0x00007ffb9199a088:   20 62 75 66 66 65 72 73 2c 00 00 00 00 00 00 00
0x00007ffb9199a098:   67 6c 6f 62 61 6c 62 75 66 66 65 72 73 69 7a 65
0x00007ffb9199a0a8:   00 00 00 00 38 6b 00 00 53 69 7a 65 20 6f 66 20
0x00007ffb9199a0b8:   61 20 74 68 72 65 61 64 20 62 75 66 66 65 72 00
0x00007ffb9199a0c8:   74 68 72 65 61 64 5f 62 75 66 66 65 72 5f 73 69
0x00007ffb9199a0d8:   7a 65 00 00 31 30 6d 00 4f 76 65 72 61 6c 6c 20
0x00007ffb9199a0e8:   6d 65 6d 6f 72 79 20 73 69 7a 65 2c 20 00 00 00
0x00007ffb9199a0f8:   6d 65 6d 6f 72 79 73 69 7a 65 00 00 31 32 6d 00
0x00007ffb9199a108:   53 69 7a 65 20 6f 66 20 61 6e 20 69 6e 64 69 76
0x00007ffb9199a118:   69 64 75 61 6c 20 64 69 73 6b 20 63 68 75 6e 6b
0x00007ffb9199a128:   00 00 00 00 00 00 00 00 6d 61 78 63 68 75 6e 6b
0x00007ffb9199a138:   73 69 7a 65 00 00 00 00 41 63 74 69 76 61 74 65
0x00007ffb9199a148:   20 54 68 72 65 61 64 20 73 61 6d 70 6c 69 6e 67
0x00007ffb9199a158:   00 00 00 00 00 00 00 00 73 61 6d 70 6c 65 74 68 


Stack slot to memory mapping:
stack at sp + 0 slots: 0x00007ffb91361df1 jvm.dll
stack at sp + 1 slots: 0x000000080000e970 is a pointer to class: 
java.lang.String {0x000000080000e978}
 - instance size:     3
 - klass size:        83
 - access:            public final synchronized 
 - state:             fully_initialized
 - name:              'java/lang/String'
 - super:             'java/lang/Object'
 - sub:               
 - arrays:            'java/lang/String'[]
 - methods:           Array<T>(0x0000000800b2cf10)
 - method ordering:   Array<T>(0x0000000800b2cc58)
 - default_methods:   Array<T>(0x0000000000000000)
 - local interfaces:  Array<T>(0x0000000800b2cee0)
 - trans. interfaces: Array<T>(0x0000000800b2cee0)
 - constants:         constant pool [1396]/operands[28] {0x0000000800b29ca8} for 'java/lang/String' cache=0x0000000800428118
 - class loader data:  loader data: 0x000002c84dc26380 of 'bootstrap'
 - source file:       'String.java'
 - class annotations:       Array<T>(0x0000000000000000)
 - class type annotations:  Array<T>(0x0000000000000000)
 - field annotations:       Array<T>(0x0000000800b34748)
 - field type annotations:  Array<T>(0x0000000000000000)
 - generic signature: 'Ljava/lang/Object;Ljava/io/Serializable;Ljava/lang/Comparable<Ljava/lang/String;>;Ljava/lang/CharSequence;Ljava/lang/constant/Constable;Ljava/lang/constant/ConstantDesc;'
 - inner classes:     Array<T>(0x0000000800b346e8)
 - nest members:     Array<T>(0x0000000800b29c48)
 - permitted subclasses:     Array<T>(0x00000008005cfed8)
 - java mirror:       a 'java/lang/Class'{0x0000000741c3ac28} = 'java/lang/String'
 - vtable length      5  (start addr: 0x000000080000eb38)
 - itable length      20 (start addr: 0x000000080000eb60)
 - ---- static fields (3 words):
 - private static final 'serialVersionUID' 'J' @120 
 - static final 'COMPACT_STRINGS' 'Z' @130 
 - private static final 'serialPersistentFields' '[Ljava/io/ObjectStreamField;' @112 
 - private static final 'REPL' 'C' @128 
 - public static final 'CASE_INSENSITIVE_ORDER' 'Ljava/util/Comparator;' @116 
 - static final 'LATIN1' 'B' @131 
 - static final 'UTF16' 'B' @132 
 - ---- non-static fields (3 words):
 - private 'hash' 'I' @12 
 - private final 'coder' 'B' @16 
 - private 'hashIsZero' 'Z' @17 
 - private final synchronized 'value' '[B' @20 
 - non-static oop maps: 20-20 
stack at sp + 2 slots: 0x0000000000000003 is an unknown value
stack at sp + 3 slots: 0x000000d0361ffc30 points into unknown readable memory: 0x00007ffb91988048 | 48 80 98 91 fb 7f 00 00
stack at sp + 4 slots: 0x0000000000000040 is an unknown value
stack at sp + 5 slots: 0x000002c83a172ac0 points into unknown readable memory: 0x00007ffb91988028 | 28 80 98 91 fb 7f 00 00
stack at sp + 6 slots: 0x00007ffb91377824 jvm.dll
stack at sp + 7 slots: 0x0000000742ec24e8 points into unknown readable memory: 0x0000000000000011 | 11 00 00 00 00 00 00 00


---------------  P R O C E S S  ---------------

Threads class SMR info:
_java_thread_list=0x000002c850ea1020, length=26, elements={
0x000002c83a10a6d0, 0x000002c84dd5b470, 0x000002c84dd5d1a0, 0x000002c84dd6d4e0,
0x000002c84dd6e260, 0x000002c84dd6fd30, 0x000002c84dd72600, 0x000002c84dd72f70,
0x000002c84dda8750, 0x000002c84e802320, 0x000002c84dd45e40, 0x000002c84e8c6110,
0x000002c84edc2220, 0x000002c84edc0ce0, 0x000002c84ee40860, 0x000002c84eed6200,
0x000002c84f0b2050, 0x000002c84f0b2520, 0x000002c84f0e0c70, 0x000002c84f11d380,
0x000002c84f11d850, 0x000002c85064c6a0, 0x000002c84f11e1f0, 0x000002c84f11dd20,
0x000002c84f11fa00, 0x000002c84f11e6c0
}

Java Threads: ( => current thread )
  0x000002c83a10a6d0 JavaThread "main" [_thread_blocked, id=3932, stack(0x000000d035e00000,0x000000d035f00000)]
  0x000002c84dd5b470 JavaThread "Reference Handler" daemon [_thread_blocked, id=12012, stack(0x000000d036500000,0x000000d036600000)]
  0x000002c84dd5d1a0 JavaThread "Finalizer" daemon [_thread_blocked, id=10336, stack(0x000000d036600000,0x000000d036700000)]
  0x000002c84dd6d4e0 JavaThread "Signal Dispatcher" daemon [_thread_blocked, id=8884, stack(0x000000d036700000,0x000000d036800000)]
  0x000002c84dd6e260 JavaThread "Attach Listener" daemon [_thread_blocked, id=12264, stack(0x000000d036800000,0x000000d036900000)]
  0x000002c84dd6fd30 JavaThread "Service Thread" daemon [_thread_blocked, id=7532, stack(0x000000d036900000,0x000000d036a00000)]
  0x000002c84dd72600 JavaThread "Monitor Deflation Thread" daemon [_thread_blocked, id=6996, stack(0x000000d036a00000,0x000000d036b00000)]
  0x000002c84dd72f70 JavaThread "C1 CompilerThread0" daemon [_thread_blocked, id=10344, stack(0x000000d036b00000,0x000000d036c00000)]
  0x000002c84dda8750 JavaThread "Sweeper thread" daemon [_thread_blocked, id=9080, stack(0x000000d036c00000,0x000000d036d00000)]
  0x000002c84e802320 JavaThread "Common-Cleaner" daemon [_thread_blocked, id=6920, stack(0x000000d036d00000,0x000000d036e00000)]
  0x000002c84dd45e40 JavaThread "C1 CompilerThread1" daemon [_thread_blocked, id=2032, stack(0x000000d036e00000,0x000000d036f00000)]
  0x000002c84e8c6110 JavaThread "Notification Thread" daemon [_thread_blocked, id=6280, stack(0x000000d036f00000,0x000000d037000000)]
  0x000002c84edc2220 JavaThread "RMI TCP Accept-0" daemon [_thread_in_native, id=5024, stack(0x000000d037100000,0x000000d037200000)]
  0x000002c84edc0ce0 JavaThread "RMI TCP Accept-57778" daemon [_thread_in_native, id=1676, stack(0x000000d037200000,0x000000d037300000)]
  0x000002c84ee40860 JavaThread "RMI TCP Accept-0" daemon [_thread_in_native, id=9416, stack(0x000000d037300000,0x000000d037400000)]
  0x000002c84eed6200 JavaThread "RMI TCP Connection(1)-127.0.0.1" daemon [_thread_in_native, id=5224, stack(0x000000d037a00000,0x000000d037b00000)]
  0x000002c84f0b2050 JavaThread "RMI Scheduler(0)" daemon [_thread_blocked, id=10456, stack(0x000000d037b00000,0x000000d037c00000)]
  0x000002c84f0b2520 JavaThread "RMI TCP Connection(2)-127.0.0.1" daemon [_thread_in_native, id=5920, stack(0x000000d037c00000,0x000000d037d00000)]
  0x000002c84f0e0c70 JavaThread "JMX server connection timeout 21" daemon [_thread_blocked, id=9948, stack(0x000000d037d00000,0x000000d037e00000)]
  0x000002c84f11d380 JavaThread "Thread-0" [_thread_blocked, id=3032, stack(0x000000d037e00000,0x000000d037f00000)]
  0x000002c84f11d850 JavaThread "restartedMain" [_thread_blocked, id=3912, stack(0x000000d037f00000,0x000000d038000000)]
  0x000002c85064c6a0 JavaThread "C1 CompilerThread2" daemon [_thread_blocked, id=8908, stack(0x000000d038200000,0x000000d038300000)]
  0x000002c84f11e1f0 JavaThread "Catalina-utility-1" [_thread_blocked, id=1020, stack(0x000000d038000000,0x000000d038100000)]
  0x000002c84f11dd20 JavaThread "Catalina-utility-2" [_thread_blocked, id=11668, stack(0x000000d038100000,0x000000d038200000)]
  0x000002c84f11fa00 JavaThread "container-0" [_thread_blocked, id=688, stack(0x000000d038300000,0x000000d038400000)]
  0x000002c84f11e6c0 JavaThread "mysql-cj-abandoned-connection-cleanup" daemon [_thread_blocked, id=9152, stack(0x000000d038400000,0x000000d038500000)]

Other Threads:
  0x000002c84dd551b0 VMThread "VM Thread" [stack: 0x000000d036400000,0x000000d036500000] [id=5832]
  0x000002c84edb3740 WatcherThread [stack: 0x000000d037400000,0x000000d037500000] [id=7428]
  0x000002c83a164060 GCTaskThread "GC Thread#0" [stack: 0x000000d035f00000,0x000000d036000000] [id=6508]
  0x000002c84ee4c580 GCTaskThread "GC Thread#1" [stack: 0x000000d037500000,0x000000d037600000] [id=3804]
  0x000002c84ee4c830 GCTaskThread "GC Thread#2" [stack: 0x000000d037600000,0x000000d037700000] [id=10876]
  0x000002c84ee4cae0 GCTaskThread "GC Thread#3" [stack: 0x000000d037700000,0x000000d037800000] [id=4532]
  0x000002c83a170d30 ConcurrentGCThread "G1 Main Marker" [stack: 0x000000d036000000,0x000000d036100000] [id=7216]
=>0x000002c83a171f30 ConcurrentGCThread "G1 Conc#0" [stack: 0x000000d036100000,0x000000d036200000] [id=2472]
  0x000002c84dc200a0 ConcurrentGCThread "G1 Refine#0" [stack: 0x000000d036200000,0x000000d036300000] [id=9736]
  0x000002c84ee4cd90 ConcurrentGCThread "G1 Refine#1" [stack: 0x000000d037800000,0x000000d037900000] [id=3840]
  0x000002c84ee8b4a0 ConcurrentGCThread "G1 Refine#2" [stack: 0x000000d037900000,0x000000d037a00000] [id=10676]
  0x000002c84dc212b0 ConcurrentGCThread "G1 Service" [stack: 0x000000d036300000,0x000000d036400000] [id=5140]

Threads with active compile tasks:

VM state: not at safepoint (normal execution)

VM Mutex/Monitor currently owned by a thread:  ([mutex/lock_event])
[0x000002c83a105f40] Heap_lock - owner thread: 0x000002c84f11d850

Heap address: 0x0000000741800000, size: 3048 MB, Compressed Oops mode: Zero based, Oop shift amount: 3

CDS archive(s) mapped at: [0x0000000800000000-0x0000000800bd0000-0x0000000800bd0000), size 12386304, SharedBaseAddress: 0x0000000800000000, ArchiveRelocationMode: 0.
Compressed class space mapped at: 0x0000000800c00000-0x0000000840c00000, reserved size: 1073741824
Narrow klass base: 0x0000000800000000, Narrow klass shift: 0, Narrow klass range: 0x100000000

GC Precious Log:
 CPUs: 4 total, 4 available
 Memory: 12185M
 Large Page Support: Disabled
 NUMA Support: Disabled
 Compressed Oops: Enabled (Zero based)
 Heap Region Size: 2M
 Heap Min Capacity: 8M
 Heap Initial Capacity: 192M
 Heap Max Capacity: 3048M
 Pre-touch: Disabled
 Parallel Workers: 4
 Concurrent Workers: 1
 Concurrent Refinement Workers: 4
 Periodic GC: Disabled

Heap:
 garbage-first heap   total 73728K, used 20059K [0x0000000741800000, 0x0000000800000000)
  region size 2048K, 3 young (6144K), 2 survivors (4096K)
 Metaspace       used 36325K, committed 36736K, reserved 1081344K
  class space    used 5024K, committed 5184K, reserved 1048576K

Heap Regions: E=young(eden), S=young(survivor), O=old, HS=humongous(starts), HC=humongous(continues), CS=collection set, F=free, OA=open archive, CA=closed archive, TAMS=top-at-mark-start (previous, next)
|   0|0x0000000741800000, 0x0000000741a00000, 0x0000000741a00000|100%| O|  |TAMS 0x0000000741a00000, 0x0000000741a00000| Untracked 
|   1|0x0000000741a00000, 0x0000000741c00000, 0x0000000741c00000|100%| O|  |TAMS 0x0000000741c00000, 0x0000000741c00000| Untracked 
|   2|0x0000000741c00000, 0x0000000741e00000, 0x0000000741e00000|100%| O|  |TAMS 0x0000000741e00000, 0x0000000741e00000| Untracked 
|   3|0x0000000741e00000, 0x0000000741e51800, 0x0000000742000000| 15%| O|  |TAMS 0x0000000741e51800, 0x0000000741e51800| Untracked 
|   4|0x0000000742000000, 0x0000000742200000, 0x0000000742200000|100%| O|  |TAMS 0x0000000742000000, 0x0000000742000000| Untracked 
|   5|0x0000000742200000, 0x0000000742400000, 0x0000000742400000|100%| O|  |TAMS 0x0000000742200000, 0x0000000742200000| Untracked 
|   6|0x0000000742400000, 0x00000007424fd000, 0x0000000742600000| 49%| O|  |TAMS 0x0000000742400000, 0x0000000742400000| Untracked 
|   7|0x0000000742600000, 0x0000000742600000, 0x0000000742800000|  0%| F|  |TAMS 0x0000000742600000, 0x0000000742600000| Untracked 
|   8|0x0000000742800000, 0x0000000742800000, 0x0000000742a00000|  0%| F|  |TAMS 0x0000000742800000, 0x0000000742800000| Untracked 
|   9|0x0000000742a00000, 0x0000000742c00000, 0x0000000742c00000|100%| O|  |TAMS 0x0000000742a00000, 0x0000000742c00000| Untracked 
|  10|0x0000000742c00000, 0x0000000742e00000, 0x0000000742e00000|100%| O|  |TAMS 0x0000000742c00000, 0x0000000742e00000| Untracked 
|  11|0x0000000742e00000, 0x0000000743000000, 0x0000000743000000|100%| O|  |TAMS 0x0000000742e00000, 0x0000000742fcb600| Untracked 
|  12|0x0000000743000000, 0x0000000743000000, 0x0000000743200000|  0%| F|  |TAMS 0x0000000743000000, 0x0000000743000000| Untracked 
|  13|0x0000000743200000, 0x0000000743200000, 0x0000000743400000|  0%| F|  |TAMS 0x0000000743200000, 0x0000000743200000| Untracked 
|  14|0x0000000743400000, 0x0000000743400000, 0x0000000743600000|  0%| F|  |TAMS 0x0000000743400000, 0x0000000743400000| Untracked 
|  15|0x0000000743600000, 0x0000000743600000, 0x0000000743800000|  0%| F|  |TAMS 0x0000000743600000, 0x0000000743600000| Untracked 
|  16|0x0000000743800000, 0x0000000743800000, 0x0000000743a00000|  0%| F|  |TAMS 0x0000000743800000, 0x0000000743800000| Untracked 
|  17|0x0000000743a00000, 0x0000000743a00000, 0x0000000743c00000|  0%| F|  |TAMS 0x0000000743a00000, 0x0000000743a00000| Untracked 
|  18|0x0000000743c00000, 0x0000000743c00000, 0x0000000743e00000|  0%| F|  |TAMS 0x0000000743c00000, 0x0000000743c00000| Untracked 
|  19|0x0000000743e00000, 0x0000000743e484b8, 0x0000000744000000| 14%| S|CS|TAMS 0x0000000743e00000, 0x0000000743e00000| Complete 
|  20|0x0000000744000000, 0x0000000744200000, 0x0000000744200000|100%| S|CS|TAMS 0x0000000744000000, 0x0000000744000000| Complete 
|  21|0x0000000744200000, 0x0000000744200000, 0x0000000744400000|  0%| F|  |TAMS 0x0000000744200000, 0x0000000744200000| Untracked 
|  22|0x0000000744400000, 0x0000000744400000, 0x0000000744600000|  0%| F|  |TAMS 0x0000000744400000, 0x0000000744400000| Untracked 
|  23|0x0000000744600000, 0x0000000744600000, 0x0000000744800000|  0%| F|  |TAMS 0x0000000744600000, 0x0000000744600000| Untracked 
|  24|0x0000000744800000, 0x0000000744800000, 0x0000000744a00000|  0%| F|  |TAMS 0x0000000744800000, 0x0000000744800000| Untracked 
|  25|0x0000000744a00000, 0x0000000744a00000, 0x0000000744c00000|  0%| F|  |TAMS 0x0000000744a00000, 0x0000000744a00000| Untracked 
|  26|0x0000000744c00000, 0x0000000744c00000, 0x0000000744e00000|  0%| F|  |TAMS 0x0000000744c00000, 0x0000000744c00000| Untracked 
|  27|0x0000000744e00000, 0x0000000744e00000, 0x0000000745000000|  0%| F|  |TAMS 0x0000000744e00000, 0x0000000744e00000| Untracked 
|  28|0x0000000745000000, 0x0000000745000000, 0x0000000745200000|  0%| F|  |TAMS 0x0000000745000000, 0x0000000745000000| Untracked 
|  29|0x0000000745200000, 0x0000000745200000, 0x0000000745400000|  0%| F|  |TAMS 0x0000000745200000, 0x0000000745200000| Untracked 
|  30|0x0000000745400000, 0x0000000745400000, 0x0000000745600000|  0%| F|  |TAMS 0x0000000745400000, 0x0000000745400000| Untracked 
|  59|0x0000000748e00000, 0x0000000748e00000, 0x0000000749000000|  0%| F|  |TAMS 0x0000000748e00000, 0x0000000748e00000| Untracked 
|  60|0x0000000749000000, 0x0000000749000000, 0x0000000749200000|  0%| F|  |TAMS 0x0000000749000000, 0x0000000749000000| Untracked 
|  61|0x0000000749200000, 0x0000000749200000, 0x0000000749400000|  0%| F|  |TAMS 0x0000000749200000, 0x0000000749200000| Untracked 
|  62|0x0000000749400000, 0x0000000749400000, 0x0000000749600000|  0%| F|  |TAMS 0x0000000749400000, 0x0000000749400000| Untracked 
|  95|0x000000074d600000, 0x000000074d68afe8, 0x000000074d800000| 27%| E|  |TAMS 0x000000074d600000, 0x000000074d600000| Complete 

Card table byte_map: [0x000002c844f90000,0x000002c845590000] _byte_map_base: 0x000002c841584000

Marking Bits (Prev, Next): (CMBitMap*) 0x000002c83a1645c0, (CMBitMap*) 0x000002c83a164580
 Prev Bits: [0x000002c848b30000, 0x000002c84bad0000)
 Next Bits: [0x000002c845b90000, 0x000002c848b30000)

Polling page: 0x000002c838080000

Metaspace:

Usage:
  Non-class:     30.57 MB used.
      Class:      4.91 MB used.
       Both:     35.47 MB used.

Virtual space:
  Non-class space:       32.00 MB reserved,      30.81 MB ( 96%) committed,  4 nodes.
      Class space:        1.00 GB reserved,       5.06 MB ( <1%) committed,  1 nodes.
             Both:        1.03 GB reserved,      35.88 MB (  3%) committed. 

Chunk freelists:
   Non-Class:  960.00 KB
       Class:  2.75 MB
        Both:  3.69 MB

MaxMetaspaceSize: unlimited
CompressedClassSpaceSize: 1.00 GB
Initial GC threshold: 21.00 MB
Current GC threshold: 35.88 MB
CDS: on
MetaspaceReclaimPolicy: balanced
 - commit_granule_bytes: 65536.
 - commit_granule_words: 8192.
 - virtual_space_node_default_size: 1048576.
 - enlarge_chunks_in_place: 1.
 - new_chunks_are_fully_committed: 0.
 - uncommit_free_chunks: 1.
 - use_allocation_guard: 0.
 - handle_deallocations: 1.


Internal statistics:

num_allocs_failed_limit: 11.
num_arena_births: 596.
num_arena_deaths: 0.
num_vsnodes_births: 5.
num_vsnodes_deaths: 0.
num_space_committed: 574.
num_space_uncommitted: 0.
num_chunks_returned_to_freelist: 11.
num_chunks_taken_from_freelist: 1793.
num_chunk_merges: 3.
num_chunk_splits: 1255.
num_chunks_enlarged: 912.
num_purges: 0.
num_inconsistent_stats: 0.

CodeCache: size=49152Kb used=8346Kb max_used=8346Kb free=40805Kb
 bounds [0x000002c841990000, 0x000002c8421c0000, 0x000002c844990000]
 total_blobs=4405 nmethods=3825 adapters=505
 compilation: enabled
              stopped_count=0, restarted_count=0
 full_count=0

Compilation events (20 events):
Event: 4.224 Thread 0x000002c84dd45e40 3784       1       java.util.ArrayList$ArrayListSpliterator::tryAdvance (79 bytes)
Event: 4.224 Thread 0x000002c85064c6a0 3785       1       com.mysql.cj.protocol.ExportControlled$$Lambda$931/0x00000008010d5a50::test (12 bytes)
Event: 4.224 Thread 0x000002c84dd72f70 3786       1       com.mysql.cj.protocol.ExportControlled::lambda$null$4 (6 bytes)
Event: 4.224 Thread 0x000002c84dd72f70 nmethod 3786 0x000002c8421a1e90 code [0x000002c8421a2020, 0x000002c8421a2108]
Event: 4.224 Thread 0x000002c85064c6a0 nmethod 3785 0x000002c8421a2210 code [0x000002c8421a23a0, 0x000002c8421a24e8]
Event: 4.224 Thread 0x000002c84dd72f70 3787       1       java.util.stream.FindOps$FindOp::getOpFlags (5 bytes)
Event: 4.225 Thread 0x000002c84dd45e40 nmethod 3784 0x000002c8421a2610 code [0x000002c8421a27e0, 0x000002c8421a2ae8]
Event: 4.225 Thread 0x000002c84dd72f70 nmethod 3787 0x000002c8421a2d10 code [0x000002c8421a2ea0, 0x000002c8421a2f78]
Event: 4.227 Thread 0x000002c84dd72f70 3788       1       sun.security.ssl.CipherSuite$KeyExchange::isAvailable (46 bytes)
Event: 4.227 Thread 0x000002c85064c6a0 3789       1       java.util.regex.Pattern::split (288 bytes)
Event: 4.227 Thread 0x000002c84dd72f70 nmethod 3788 0x000002c8421a3310 code [0x000002c8421a34c0, 0x000002c8421a3648]
Event: 4.228 Thread 0x000002c85064c6a0 nmethod 3789 0x000002c8421a3710 code [0x000002c8421a3a80, 0x000002c8421a4d38]
Event: 4.254 Thread 0x000002c84dd72f70 3790       1       sun.security.provider.SHA2::implCompress0 (490 bytes)
Event: 4.255 Thread 0x000002c84dd72f70 nmethod 3790 0x000002c8421a5a10 code [0x000002c8421a5bc0, 0x000002c8421a60e8]
Event: 4.271 Thread 0x000002c84dd45e40 3791       1       java.util.regex.Pattern::split (7 bytes)
Event: 4.271 Thread 0x000002c84dd45e40 nmethod 3791 0x000002c8421a6410 code [0x000002c8421a65a0, 0x000002c8421a6688]
Event: 4.273 Thread 0x000002c84dd72f70 3793       1       java.lang.String::split (327 bytes)
Event: 4.274 Thread 0x000002c84dd45e40 3792       1       java.lang.String::split (7 bytes)
Event: 4.274 Thread 0x000002c84dd45e40 nmethod 3792 0x000002c8421a6710 code [0x000002c8421a68a0, 0x000002c8421a6988]
Event: 4.274 Thread 0x000002c84dd45e40 3794       1       java.util.LinkedList$ListItr::hasNext (20 bytes)

GC Heap History (14 events):
Event: 0.817 GC heap before
{Heap before GC invocations=0 (full 0):
 garbage-first heap   total 196608K, used 12288K [0x0000000741800000, 0x0000000800000000)
  region size 2048K, 6 young (12288K), 0 survivors (0K)
 Metaspace       used 4410K, committed 4608K, reserved 1056768K
  class space    used 545K, committed 640K, reserved 1048576K
}
Event: 0.826 GC heap after
{Heap after GC invocations=1 (full 0):
 garbage-first heap   total 196608K, used 6378K [0x0000000741800000, 0x0000000800000000)
  region size 2048K, 1 young (2048K), 1 survivors (2048K)
 Metaspace       used 4410K, committed 4608K, reserved 1056768K
  class space    used 545K, committed 640K, reserved 1048576K
}
Event: 1.037 GC heap before
{Heap before GC invocations=1 (full 0):
 garbage-first heap   total 196608K, used 12522K [0x0000000741800000, 0x0000000800000000)
  region size 2048K, 4 young (8192K), 1 survivors (2048K)
 Metaspace       used 6494K, committed 6656K, reserved 1056768K
  class space    used 822K, committed 896K, reserved 1048576K
}
Event: 1.041 GC heap after
{Heap after GC invocations=2 (full 0):
 garbage-first heap   total 196608K, used 7393K [0x0000000741800000, 0x0000000800000000)
  region size 2048K, 1 young (2048K), 1 survivors (2048K)
 Metaspace       used 6494K, committed 6656K, reserved 1056768K
  class space    used 822K, committed 896K, reserved 1048576K
}
Event: 1.522 GC heap before
{Heap before GC invocations=2 (full 0):
 garbage-first heap   total 196608K, used 29921K [0x0000000741800000, 0x0000000800000000)
  region size 2048K, 12 young (24576K), 1 survivors (2048K)
 Metaspace       used 10766K, committed 11072K, reserved 1064960K
  class space    used 1493K, committed 1664K, reserved 1048576K
}
Event: 1.526 GC heap after
{Heap after GC invocations=3 (full 0):
 garbage-first heap   total 196608K, used 8977K [0x0000000741800000, 0x0000000800000000)
  region size 2048K, 2 young (4096K), 2 survivors (4096K)
 Metaspace       used 10766K, committed 11072K, reserved 1064960K
  class space    used 1493K, committed 1664K, reserved 1048576K
}
Event: 2.386 GC heap before
{Heap before GC invocations=3 (full 0):
 garbage-first heap   total 196608K, used 70417K [0x0000000741800000, 0x0000000800000000)
  region size 2048K, 33 young (67584K), 2 survivors (4096K)
 Metaspace       used 21231K, committed 21504K, reserved 1073152K
  class space    used 2938K, committed 3072K, reserved 1048576K
}
Event: 2.395 GC heap after
{Heap after GC invocations=4 (full 0):
 garbage-first heap   total 196608K, used 12715K [0x0000000741800000, 0x0000000800000000)
  region size 2048K, 4 young (8192K), 4 survivors (8192K)
 Metaspace       used 21231K, committed 21504K, reserved 1073152K
  class space    used 2938K, committed 3072K, reserved 1048576K
}
Event: 3.158 GC heap before
{Heap before GC invocations=5 (full 0):
 garbage-first heap   total 61440K, used 45483K [0x0000000741800000, 0x0000000800000000)
  region size 2048K, 21 young (43008K), 4 survivors (8192K)
 Metaspace       used 26468K, committed 26944K, reserved 1073152K
  class space    used 3752K, committed 3968K, reserved 1048576K
}
Event: 3.170 GC heap after
{Heap after GC invocations=6 (full 0):
 garbage-first heap   total 61440K, used 15655K [0x0000000741800000, 0x0000000800000000)
  region size 2048K, 5 young (10240K), 5 survivors (10240K)
 Metaspace       used 26468K, committed 26944K, reserved 1073152K
  class space    used 3752K, committed 3968K, reserved 1048576K
}
Event: 3.651 GC heap before
{Heap before GC invocations=6 (full 0):
 garbage-first heap   total 61440K, used 38183K [0x0000000741800000, 0x0000000800000000)
  region size 2048K, 17 young (34816K), 5 survivors (10240K)
 Metaspace       used 29821K, committed 30336K, reserved 1081344K
  class space    used 4213K, committed 4480K, reserved 1048576K
}
Event: 3.663 GC heap after
{Heap after GC invocations=7 (full 0):
 garbage-first heap   total 61440K, used 18449K [0x0000000741800000, 0x0000000800000000)
  region size 2048K, 3 young (6144K), 3 survivors (6144K)
 Metaspace       used 29821K, committed 30336K, reserved 1081344K
  class space    used 4213K, committed 4480K, reserved 1048576K
}
Event: 4.244 GC heap before
{Heap before GC invocations=7 (full 0):
 garbage-first heap   total 61440K, used 34833K [0x0000000741800000, 0x0000000800000000)
  region size 2048K, 12 young (24576K), 3 survivors (6144K)
 Metaspace       used 35674K, committed 36096K, reserved 1081344K
  class space    used 4935K, committed 5120K, reserved 1048576K
}
Event: 4.252 GC heap after
{Heap after GC invocations=8 (full 0):
 garbage-first heap   total 73728K, used 20059K [0x0000000741800000, 0x0000000800000000)
  region size 2048K, 2 young (4096K), 2 survivors (4096K)
 Metaspace       used 35674K, committed 36096K, reserved 1081344K
  class space    used 4935K, committed 5120K, reserved 1048576K
}

Deoptimization events (4 events):
Event: 1.694 Thread 0x000002c84f11d850 DEOPT PACKING pc=0x000002c841e1b579 sp=0x000000d037ffc960
Event: 1.694 Thread 0x000002c84f11d850 DEOPT UNPACKING pc=0x000002c8419e2b43 sp=0x000000d037ffbe40 mode 3
Event: 3.597 Thread 0x000002c84f11d850 DEOPT PACKING pc=0x000002c842118e25 sp=0x000000d037ffbb00
Event: 3.597 Thread 0x000002c84f11d850 DEOPT UNPACKING pc=0x000002c8419e2b43 sp=0x000000d037ffb068 mode 3

Classes unloaded (0 events):
No events

Classes redefined (0 events):
No events

Internal exceptions (20 events):
Event: 3.222 Thread 0x000002c84f11d850 Exception <a 'java/lang/NoSuchMethodError'{0x000000074948ff38}: 'void java.lang.invoke.DirectMethodHandle$Holder.invokeVirtual(java.lang.Object, java.lang.Object, int)'> (0x000000074948ff38) 
thrown [s\open\src\hotspot\share\interpreter\linkResolver.cpp, line 759]
Event: 3.223 Thread 0x000002c84f11d850 Exception <a 'java/lang/NoSuchMethodError'{0x0000000749496180}: 'void java.lang.invoke.DirectMethodHandle$Holder.invokeStatic(java.lang.Object, java.lang.Object, java.lang.Object, int, java.lang.Object)'> (0x0000000749496180) 
thrown [s\open\src\hotspot\share\interpreter\linkResolver.cpp, line 759]
Event: 3.223 Thread 0x000002c84f11d850 Exception <a 'java/lang/NoSuchMethodError'{0x000000074949d688}: 'java.lang.Object java.lang.invoke.DirectMethodHandle$Holder.newInvokeSpecial(java.lang.Object, java.lang.Object, java.lang.Object, int)'> (0x000000074949d688) 
thrown [s\open\src\hotspot\share\interpreter\linkResolver.cpp, line 759]
Event: 3.223 Thread 0x000002c84f11d850 Exception <a 'java/lang/NoSuchMethodError'{0x00000007494a1970}: 'java.lang.Object java.lang.invoke.DirectMethodHandle$Holder.invokeSpecial(java.lang.Object, java.lang.Object, java.lang.Object, java.lang.Object, int)'> (0x00000007494a1970) 
thrown [s\open\src\hotspot\share\interpreter\linkResolver.cpp, line 759]
Event: 3.224 Thread 0x000002c84f11d850 Exception <a 'java/lang/NoSuchMethodError'{0x00000007494a5538}: 'java.lang.Object java.lang.invoke.Invokers$Holder.linkToTargetMethod(java.lang.Object, java.lang.Object, int, java.lang.Object)'> (0x00000007494a5538) 
thrown [s\open\src\hotspot\share\interpreter\linkResolver.cpp, line 759]
Event: 3.427 Thread 0x000002c84f11d850 Exception <a 'sun/nio/fs/WindowsException'{0x000000074452a610}> (0x000000074452a610) 
thrown [s\open\src\hotspot\share\prims\jni.cpp, line 516]
Event: 3.428 Thread 0x000002c84f11d850 Exception <a 'sun/nio/fs/WindowsException'{0x0000000744530090}> (0x0000000744530090) 
thrown [s\open\src\hotspot\share\prims\jni.cpp, line 516]
Event: 3.428 Thread 0x000002c84f11d850 Exception <a 'sun/nio/fs/WindowsException'{0x0000000744530770}> (0x0000000744530770) 
thrown [s\open\src\hotspot\share\prims\jni.cpp, line 516]
Event: 3.459 Thread 0x000002c84f11d850 Exception <a 'java/lang/NoSuchMethodError'{0x0000000744236178}: 'java.lang.Object java.lang.invoke.DirectMethodHandle$Holder.invokeSpecial(java.lang.Object, java.lang.Object, long, java.lang.Object, java.lang.Object, java.lang.Object, java.lang.Object, java.lang.Object, java.lang.Object)'> (0x0000000744236178) 
thrown [s\open\src\hotspot\share\interpreter\linkResolver.cpp, line 759]
Event: 3.459 Thread 0x000002c84f11d850 Exception <a 'java/lang/NoSuchMethodError'{0x000000074423acc8}: 'java.lang.Object java.lang.invoke.DelegatingMethodHandle$Holder.reinvoke_L(java.lang.Object, long, java.lang.Object, java.lang.Object, java.lang.Object, java.lang.Object, java.lang.Object, java.lang.Object)'> (0x000000074423acc8) 
thrown [s\open\src\hotspot\share\interpreter\linkResolver.cpp, line 759]
Event: 3.460 Thread 0x000002c84f11d850 Exception <a 'java/lang/NoSuchMethodError'{0x0000000744247970}: 'java.lang.Object java.lang.invoke.Invokers$Holder.linkToTargetMethod(java.lang.Object, java.lang.Object, java.lang.Object, java.lang.Object, java.lang.Object, java.lang.Object, java.lang.Object)'> (0x0000000744247970) 
thrown [s\open\src\hotspot\share\interpreter\linkResolver.cpp, line 759]
Event: 3.517 Thread 0x000002c84f11d850 Exception <a 'java/io/FileNotFoundException'{0x00000007440598d8}> (0x00000007440598d8) 
thrown [s\open\src\hotspot\share\prims\jni.cpp, line 516]
Event: 3.545 Thread 0x000002c84f11d850 Exception <a 'java/lang/NoSuchMethodError'{0x00000007441b4440}: 'int java.lang.invoke.DirectMethodHandle$Holder.invokeInterface(java.lang.Object, java.lang.Object, java.lang.Object, java.lang.Object)'> (0x00000007441b4440) 
thrown [s\open\src\hotspot\share\interpreter\linkResolver.cpp, line 759]
Event: 3.605 Thread 0x000002c84f11d850 Exception <a 'java/lang/NoSuchMethodError'{0x0000000743fb4220}: 'long java.lang.invoke.DirectMethodHandle$Holder.invokeVirtual(java.lang.Object, java.lang.Object)'> (0x0000000743fb4220) 
thrown [s\open\src\hotspot\share\interpreter\linkResolver.cpp, line 759]
Event: 3.611 Thread 0x000002c84f11d850 Exception <a 'java/io/FileNotFoundException'{0x0000000743fe2b98}> (0x0000000743fe2b98) 
thrown [s\open\src\hotspot\share\prims\jni.cpp, line 516]
Event: 3.693 Thread 0x000002c84f0b2520 Exception <a 'java/lang/reflect/InvocationTargetException'{0x0000000749450e50}> (0x0000000749450e50) 
thrown [s\open\src\hotspot\share\runtime\reflection.cpp, line 1121]
Event: 3.720 Thread 0x000002c84f11d850 Exception <a 'java/lang/NoSuchMethodError'{0x0000000749293280}: 'java.lang.Object java.lang.invoke.DirectMethodHandle$Holder.invokeVirtual(java.lang.Object, java.lang.Object, int)'> (0x0000000749293280) 
thrown [s\open\src\hotspot\share\interpreter\linkResolver.cpp, line 759]
Event: 4.105 Thread 0x000002c84f11d850 Exception <a 'sun/nio/fs/WindowsException'{0x0000000744261730}> (0x0000000744261730) 
thrown [s\open\src\hotspot\share\prims\jni.cpp, line 516]
Event: 4.121 Thread 0x000002c84f11d850 Exception <a 'java/lang/NoSuchMethodError'{0x00000007442844a8}: 'int java.lang.invoke.DirectMethodHandle$Holder.invokeStaticInit(java.lang.Object, java.lang.Object, java.lang.Object, java.lang.Object)'> (0x00000007442844a8) 
thrown [s\open\src\hotspot\share\interpreter\linkResolver.cpp, line 759]
Event: 4.198 Thread 0x000002c84f0b2520 Exception <a 'java/lang/reflect/InvocationTargetException'{0x000000074438e268}> (0x000000074438e268) 
thrown [s\open\src\hotspot\share\runtime\reflection.cpp, line 1121]

VM Operations (20 events):
Event: 3.381 Executing VM operation: HandshakeAllThreads
Event: 3.381 Executing VM operation: HandshakeAllThreads done
Event: 3.476 Executing VM operation: HandshakeAllThreads
Event: 3.476 Executing VM operation: HandshakeAllThreads done
Event: 3.573 Executing VM operation: HandshakeAllThreads
Event: 3.573 Executing VM operation: HandshakeAllThreads done
Event: 3.574 Executing VM operation: HandshakeAllThreads
Event: 3.574 Executing VM operation: HandshakeAllThreads done
Event: 3.614 Executing VM operation: HandshakeAllThreads
Event: 3.614 Executing VM operation: HandshakeAllThreads done
Event: 3.651 Executing VM operation: G1CollectForAllocation
Event: 3.663 Executing VM operation: G1CollectForAllocation done
Event: 3.701 Executing VM operation: HandshakeAllThreads
Event: 3.701 Executing VM operation: HandshakeAllThreads done
Event: 4.112 Executing VM operation: HandshakeAllThreads
Event: 4.112 Executing VM operation: HandshakeAllThreads done
Event: 4.244 Executing VM operation: CollectForMetadataAllocation
Event: 4.252 Executing VM operation: CollectForMetadataAllocation done
Event: 4.273 Executing VM operation: CollectForMetadataAllocation
Event: 4.273 Executing VM operation: CollectForMetadataAllocation done

Events (20 events):
Event: 4.272 loading class sun/security/ssl/SupportedGroupsExtension$SupportedGroupsSpec done
Event: 4.272 loading class sun/security/ssl/ECPointFormatsExtension$ECPointFormatsSpec
Event: 4.272 loading class sun/security/ssl/ECPointFormatsExtension$ECPointFormatsSpec done
Event: 4.272 loading class sun/security/ssl/ECPointFormatsExtension$ECPointFormat
Event: 4.272 loading class sun/security/ssl/ECPointFormatsExtension$ECPointFormat done
Event: 4.272 loading class sun/security/ssl/CertStatusExtension$CertStatusRequestV2Spec
Event: 4.272 loading class sun/security/ssl/CertStatusExtension$CertStatusRequestV2Spec done
Event: 4.272 loading class sun/security/ssl/ExtendedMasterSecretExtension$ExtendedMasterSecretSpec
Event: 4.272 loading class sun/security/ssl/ExtendedMasterSecretExtension$ExtendedMasterSecretSpec done
Event: 4.272 loading class sun/security/ssl/SessionTicketExtension$SessionTicketSpec
Event: 4.273 loading class sun/security/ssl/SessionTicketExtension$SessionTicketSpec done
Event: 4.274 loading class sun/security/ssl/SignatureAlgorithmsExtension$SignatureSchemesSpec
Event: 4.274 loading class sun/security/ssl/SignatureAlgorithmsExtension$SignatureSchemesSpec done
Event: 4.274 loading class sun/security/ssl/SupportedVersionsExtension$CHSupportedVersionsSpec
Event: 4.274 loading class sun/security/ssl/SupportedVersionsExtension$CHSupportedVersionsSpec done
Event: 4.274 loading class sun/security/ssl/PskKeyExchangeModesExtension$PskKeyExchangeModesSpec
Event: 4.274 loading class sun/security/ssl/PskKeyExchangeModesExtension$PskKeyExchangeModesSpec done
Event: 4.274 loading class sun/security/ssl/PskKeyExchangeModesExtension$PskKeyExchangeMode
Event: 4.274 loading class sun/security/ssl/PskKeyExchangeModesExtension$PskKeyExchangeMode done
Event: 4.274 loading class sun/security/ssl/SSLKeyExchange


Dynamic libraries:
0x00007ff709e40000 - 0x00007ff709e50000 	C:\Program Files\Java\jdk-17\bin\javaw.exe
0x00007ffbdc570000 - 0x00007ffbdc768000 	C:\Windows\SYSTEM32\ntdll.dll
0x00007ffbdb7f0000 - 0x00007ffbdb8af000 	C:\Windows\System32\KERNEL32.DLL
0x00007ffbd9e20000 - 0x00007ffbda116000 	C:\Windows\System32\KERNELBASE.dll
0x00007ffbd9c80000 - 0x00007ffbd9d80000 	C:\Windows\System32\ucrtbase.dll
0x00007ffbce290000 - 0x00007ffbce2a9000 	C:\Program Files\Java\jdk-17\bin\jli.dll
0x00007ffbdb690000 - 0x00007ffbdb73f000 	C:\Windows\System32\ADVAPI32.dll
0x00007ffbdb5f0000 - 0x00007ffbdb68e000 	C:\Windows\System32\msvcrt.dll
0x00007ffbdb150000 - 0x00007ffbdb1ec000 	C:\Windows\System32\sechost.dll
0x00007ffbdabb0000 - 0x00007ffbdacd6000 	C:\Windows\System32\RPCRT4.dll
0x00007ffbdba20000 - 0x00007ffbdbbbd000 	C:\Windows\System32\USER32.dll
0x00007ffbd9c50000 - 0x00007ffbd9c72000 	C:\Windows\System32\win32u.dll
0x00007ffbdb8b0000 - 0x00007ffbdb8dc000 	C:\Windows\System32\GDI32.dll
0x00007ffbda1d0000 - 0x00007ffbda2e5000 	C:\Windows\System32\gdi32full.dll
0x00007ffbda4e0000 - 0x00007ffbda57d000 	C:\Windows\System32\msvcp_win.dll
0x00007ffbce270000 - 0x00007ffbce28b000 	C:\Program Files\Java\jdk-17\bin\VCRUNTIME140.dll
0x00007ffbc7d50000 - 0x00007ffbc7fea000 	C:\Windows\WinSxS\amd64_microsoft.windows.common-controls_6595b64144ccf1df_6.0.19041.1110_none_60b5254171f9507e\COMCTL32.dll
0x00007ffbcd160000 - 0x00007ffbcd16a000 	C:\Windows\SYSTEM32\VERSION.dll
0x00007ffbdb740000 - 0x00007ffbdb770000 	C:\Windows\System32\IMM32.DLL
0x00007ffbce260000 - 0x00007ffbce26c000 	C:\Program Files\Java\jdk-17\bin\vcruntime140_1.dll
0x00007ffba5540000 - 0x00007ffba55ce000 	C:\Program Files\Java\jdk-17\bin\msvcp140.dll
0x00007ffb91090000 - 0x00007ffb91c6d000 	C:\Program Files\Java\jdk-17\bin\server\jvm.dll
0x00007ffbdbbc0000 - 0x00007ffbdbbc8000 	C:\Windows\System32\PSAPI.DLL
0x00007ffbd58e0000 - 0x00007ffbd58e9000 	C:\Windows\SYSTEM32\WSOCK32.dll
0x00007ffbda5d0000 - 0x00007ffbda63b000 	C:\Windows\System32\WS2_32.dll
0x00007ffbcc190000 - 0x00007ffbcc1b7000 	C:\Windows\SYSTEM32\WINMM.dll
0x00007ffbd7b30000 - 0x00007ffbd7b42000 	C:\Windows\SYSTEM32\kernel.appcore.dll
0x00007ffbce250000 - 0x00007ffbce25a000 	C:\Program Files\Java\jdk-17\bin\jimage.dll
0x00007ffbd4920000 - 0x00007ffbd4b04000 	C:\Windows\SYSTEM32\DBGHELP.DLL
0x00007ffbd44f0000 - 0x00007ffbd4524000 	C:\Windows\SYSTEM32\dbgcore.DLL
0x00007ffbda2f0000 - 0x00007ffbda372000 	C:\Windows\System32\bcryptPrimitives.dll
0x00007ffbce220000 - 0x00007ffbce245000 	C:\Program Files\Java\jdk-17\bin\java.dll
0x00007ffba5460000 - 0x00007ffba5537000 	C:\Program Files\Java\jdk-17\bin\jsvml.dll
0x00007ffbdbdd0000 - 0x00007ffbdc514000 	C:\Windows\System32\SHELL32.dll
0x00007ffbd7d30000 - 0x00007ffbd84c3000 	C:\Windows\SYSTEM32\windows.storage.dll
0x00007ffbda7c0000 - 0x00007ffbdab14000 	C:\Windows\System32\combase.dll
0x00007ffbd95d0000 - 0x00007ffbd95fe000 	C:\Windows\SYSTEM32\Wldp.dll
0x00007ffbda710000 - 0x00007ffbda7bd000 	C:\Windows\System32\SHCORE.dll
0x00007ffbdb9c0000 - 0x00007ffbdba15000 	C:\Windows\System32\shlwapi.dll
0x00007ffbd9b90000 - 0x00007ffbd9baf000 	C:\Windows\SYSTEM32\profapi.dll
0x00007ffbce200000 - 0x00007ffbce219000 	C:\Program Files\Java\jdk-17\bin\net.dll
0x00007ffbd3e40000 - 0x00007ffbd3f4a000 	C:\Windows\SYSTEM32\WINHTTP.dll
0x00007ffbd9330000 - 0x00007ffbd939a000 	C:\Windows\system32\mswsock.dll
0x00007ffbc1ce0000 - 0x00007ffbc1cf6000 	C:\Program Files\Java\jdk-17\bin\nio.dll
0x00007ffbbba00000 - 0x00007ffbbba18000 	C:\Program Files\Java\jdk-17\bin\zip.dll
0x00007ffbc1cd0000 - 0x00007ffbc1cda000 	C:\Program Files\Java\jdk-17\bin\management.dll
0x00007ffbbe8d0000 - 0x00007ffbbe8db000 	C:\Program Files\Java\jdk-17\bin\management_ext.dll
0x00007ffbc6410000 - 0x00007ffbc6427000 	C:\Windows\system32\napinsp.dll
0x00007ffbc63f0000 - 0x00007ffbc640b000 	C:\Windows\system32\pnrpnsp.dll
0x00007ffbc63d0000 - 0x00007ffbc63e5000 	C:\Windows\system32\wshbth.dll
0x00007ffbd50d0000 - 0x00007ffbd50ed000 	C:\Windows\system32\NLAapi.dll
0x00007ffbd9020000 - 0x00007ffbd905c000 	C:\Windows\SYSTEM32\IPHLPAPI.DLL
0x00007ffbd9060000 - 0x00007ffbd912b000 	C:\Windows\SYSTEM32\DNSAPI.dll
0x00007ffbdbbd0000 - 0x00007ffbdbbd8000 	C:\Windows\System32\NSI.dll
0x00007ffbc63b0000 - 0x00007ffbc63c2000 	C:\Windows\System32\winrnr.dll
0x00007ffbd3250000 - 0x00007ffbd325a000 	C:\Windows\System32\rasadhlp.dll
0x00007ffbd2210000 - 0x00007ffbd2292000 	C:\Windows\System32\fwpuclnt.dll
0x00007ffbd9d80000 - 0x00007ffbd9da7000 	C:\Windows\System32\bcrypt.dll
0x00007ffbd9530000 - 0x00007ffbd9548000 	C:\Windows\SYSTEM32\CRYPTSP.dll
0x00007ffbd8c50000 - 0x00007ffbd8c84000 	C:\Windows\system32\rsaenh.dll
0x00007ffbd9b50000 - 0x00007ffbd9b7e000 	C:\Windows\SYSTEM32\USERENV.dll
0x00007ffbd9520000 - 0x00007ffbd952c000 	C:\Windows\SYSTEM32\CRYPTBASE.dll
0x00007ffbd4e80000 - 0x00007ffbd4e97000 	C:\Windows\SYSTEM32\dhcpcsvc6.DLL
0x00007ffbd4df0000 - 0x00007ffbd4e0d000 	C:\Windows\SYSTEM32\dhcpcsvc.DLL
0x00007ffbbc180000 - 0x00007ffbbc18d000 	C:\Program Files\Java\jdk-17\bin\sunmscapi.dll
0x00007ffbda380000 - 0x00007ffbda4de000 	C:\Windows\System32\CRYPT32.dll
0x00007ffbd9640000 - 0x00007ffbd9668000 	C:\Windows\SYSTEM32\ncrypt.dll
0x00007ffbd9600000 - 0x00007ffbd963b000 	C:\Windows\SYSTEM32\NTASN1.dll

dbghelp: loaded successfully - version: 4.0.5 - missing functions: none
symbol engine: initialized successfully - sym options: 0x614 - pdb path: .;C:\Program Files\Java\jdk-17\bin;C:\Windows\SYSTEM32;C:\Windows\WinSxS\amd64_microsoft.windows.common-controls_6595b64144ccf1df_6.0.19041.1110_none_60b5254171f9507e;C:\Program Files\Java\jdk-17\bin\server

VM Arguments:
jvm_args: -Dcom.sun.management.jmxremote -Dcom.sun.management.jmxremote.port=57778 -Dcom.sun.management.jmxremote.authenticate=false -Dcom.sun.management.jmxremote.ssl=false -Djava.rmi.server.hostname=localhost -Dspring.jmx.enabled=true -Dmanagement.endpoints.jmx.exposure.include=* -Dspring.application.admin.enabled=true -XX:TieredStopAtLevel=1 -Dspring.boot.project.name=api -Dfile.encoding=UTF-8 -XX:+ShowCodeDetailsInExceptionMessages 
java_command: com.wilson.med.api.ApiApplication --spring.output.ansi.enabled=always
java_class_path (initial): C:\dev\java\api-med\api\target\classes;C:\Users\wilson\.m2\repository\org\springframework\boot\spring-boot-starter-web\3.1.0\spring-boot-starter-web-3.1.0.jar;C:\Users\wilson\.m2\repository\org\springframework\boot\spring-boot-starter\3.1.0\spring-boot-starter-3.1.0.jar;C:\Users\wilson\.m2\repository\org\springframework\boot\spring-boot-starter-logging\3.1.0\spring-boot-starter-logging-3.1.0.jar;C:\Users\wilson\.m2\repository\ch\qos\logback\logback-classic\1.4.7\logback-classic-1.4.7.jar;C:\Users\wilson\.m2\repository\ch\qos\logback\logback-core\1.4.7\logback-core-1.4.7.jar;C:\Users\wilson\.m2\repository\org\apache\logging\log4j\log4j-to-slf4j\2.20.0\log4j-to-slf4j-2.20.0.jar;C:\Users\wilson\.m2\repository\org\apache\logging\log4j\log4j-api\2.20.0\log4j-api-2.20.0.jar;C:\Users\wilson\.m2\repository\org\slf4j\jul-to-slf4j\2.0.7\jul-to-slf4j-2.0.7.jar;C:\Users\wilson\.m2\repository\jakarta\annotation\jakarta.annotation-api\2.1.1\jakarta.annotation-api-2.1.1.jar;C:\Users\wilson\.m2\repository\org\yaml\snakeyaml\1.33\snakeyaml-1.33.jar;C:\Users\wilson\.m2\repository\org\springframework\boot\spring-boot-starter-json\3.1.0\spring-boot-starter-json-3.1.0.jar;C:\Users\wilson\.m2\repository\com\fasterxml\jackson\core\jackson-databind\2.15.0\jackson-databind-2.15.0.jar;C:\Users\wilson\.m2\repository\com\fasterxml\jackson\core\jackson-annotations\2.15.0\jackson-annotations-2.15.0.jar;C:\Users\wilson\.m2\repository\com\fasterxml\jackson\datatype\jackson-datatype-jdk8\2.15.0\jackson-datatype-jdk8-2.15.0.jar;C:\Users\wilson\.m2\repository\com\fasterxml\jackson\datatype\jackson-datatype-jsr310\2.15.0\jackson-datatype-jsr310-2.15.0.jar;C:\Users\wilson\.m2\repository\com\fasterxml\jackson\module\jackson-module-parameter-names\2.15.0\jackson-module-parameter-names-2.15.0.jar;C:\Users\wilson\.m2\repository\org\springframework\boot\spring-boot-starter-tomcat\3.1.0\spring-boot-starter-tomcat-3.1.0.jar;C:\Users\wilson\.m2\repository\org\apache\tomcat\embed\to
Launcher Type: SUN_STANDARD

[Global flags]
     intx CICompilerCount                          = 3                                         {product} {ergonomic}
     uint ConcGCThreads                            = 1                                         {product} {ergonomic}
     uint G1ConcRefinementThreads                  = 4                                         {product} {ergonomic}
   size_t G1HeapRegionSize                         = 2097152                                   {product} {ergonomic}
    uintx GCDrainStackTargetSize                   = 64                                        {product} {ergonomic}
   size_t InitialHeapSize                          = 201326592                                 {product} {ergonomic}
     bool ManagementServer                         = true                                      {product} {command line}
   size_t MarkStackSize                            = 4194304                                   {product} {ergonomic}
   size_t MaxHeapSize                              = 3196059648                                {product} {ergonomic}
   size_t MaxNewSize                               = 1916796928                                {product} {ergonomic}
   size_t MinHeapDeltaBytes                        = 2097152                                   {product} {ergonomic}
   size_t MinHeapSize                              = 8388608                                   {product} {ergonomic}
    uintx NonProfiledCodeHeapSize                  = 0                                      {pd product} {ergonomic}
     bool ProfileInterpreter                       = false                                  {pd product} {command line}
    uintx ProfiledCodeHeapSize                     = 0                                      {pd product} {ergonomic}
     bool ShowCodeDetailsInExceptionMessages       = true                                   {manageable} {command line}
   size_t SoftMaxHeapSize                          = 3196059648                             {manageable} {ergonomic}
     intx TieredStopAtLevel                        = 1                                         {product} {command line}
     bool UseCompressedClassPointers               = true                           {product lp64_product} {ergonomic}
     bool UseCompressedOops                        = true                           {product lp64_product} {ergonomic}
     bool UseG1GC                                  = true                                      {product} {ergonomic}
     bool UseLargePagesIndividualAllocation        = false                                  {pd product} {ergonomic}

Logging:
Log output configuration:
 #0: stdout all=warning uptime,level,tags
 #1: stderr all=off uptime,level,tags

Environment Variables:
JAVA_HOME=C:\Program Files\Java\jdk-17
PATH=C:/Users/wilson/Desktop/ferrametas Java/STS/sts-4.18.1.RELEASE//plugins/org.eclipse.justj.openjdk.hotspot.jre.full.win32.x86_64_17.0.7.v20230425-1502/jre/bin/server;C:/Users/wilson/Desktop/ferrametas Java/STS/sts-4.18.1.RELEASE//plugins/org.eclipse.justj.openjdk.hotspot.jre.full.win32.x86_64_17.0.7.v20230425-1502/jre/bin;C:\Program Files\Common Files\Oracle\Java\javapath;C:\Program Files (x86)\Common Files\Oracle\Java\javapath;C:\Python311\Scripts\;C:\Python311\;C:\Windows\system32;C:\Windows;C:\Windows\System32\Wbem;C:\Windows\System32\WindowsPowerShell\v1.0\;C:\Windows\System32\OpenSSH\;C:\ProgramData\chocolatey\bin;C:\Program Files\Git\cmd;C:\Program Files\Java\jdk-17\bin;C:\Program Files\nodejs\;C:\Program Files\Docker\Docker\resources\bin;C:\Program Files\MySQL\MySQL Shell 8.0\bin\;C:\Users\wilson\AppData\Local\Microsoft\WindowsApps;;C:\Users\wilson\AppData\Local\Programs\Microsoft VS Code\bin;C:\Users\wilson\AppData\Roaming\npm;C:\Program Files\JetBrains\IntelliJ IDEA Educational Edition 2022.2.2\bin;;C:\Users\wilson\Desktop\ferrametas Java\STS\sts-4.18.1.RELEASE;
USERNAME=wilson
OS=Windows_NT
PROCESSOR_IDENTIFIER=Intel64 Family 6 Model 58 Stepping 9, GenuineIntel



---------------  S Y S T E M  ---------------

OS:
 Windows 10 , 64 bit Build 19041 (10.0.19041.2913)
OS uptime: 0 days 7:33 hours

CPU: total 4 (initial active 4) (2 cores per cpu, 2 threads per core) family 6 model 58 stepping 9 microcode 0x21, cx8, cmov, fxsr, ht, mmx, sse, sse2, sse3, ssse3, sse4.1, sse4.2, popcnt, tsc, tscinvbit, avx, erms, clmul, vzeroupper, clflush

Memory: 4k page, system-wide physical 12185M (5890M free)
TotalPageFile size 16025M (AvailPageFile size 8838M)
current process WorkingSet (physical memory assigned to process): 157M, peak: 157M
current process commit charge ("private bytes"): 205M, peak: 304M

vm_info: Java HotSpot(TM) 64-Bit Server VM (17.0.7+8-LTS-224) for windows-amd64 JRE (17.0.7+8-LTS-224), built on Feb 28 2023 23:03:02 by "mach5one" with MS VC++ 17.1 (VS2022)

END.
